2015-08-05 13:47:02 Error: [MissingControllerException] Controller class PostController could not be found.
Exception Attributes: array (
  'class' => 'PostController',
  'plugin' => NULL,
)
Request URL: /cakephp/post
Stack Trace:
#0 /var/www/html/cakephp/app/webroot/index.php(118): Dispatcher->dispatch(Object(CakeRequest), Object(CakeResponse))
#1 {main}
2015-08-05 13:47:06 Error: [MissingControllerException] Controller class PostsController could not be found.
Exception Attributes: array (
  'class' => 'PostsController',
  'plugin' => NULL,
)
Request URL: /cakephp/posts
Stack Trace:
#0 /var/www/html/cakephp/app/webroot/index.php(118): Dispatcher->dispatch(Object(CakeRequest), Object(CakeResponse))
#1 {main}
2015-08-05 13:48:10 Error: [MissingViewException] View file "Posts/index.ctp" is missing.
Exception Attributes: array (
  'file' => 'Posts/index.ctp',
)
Request URL: /cakephp/posts
Stack Trace:
#0 /var/www/html/cakephp/lib/Cake/View/View.php(470): View->_getViewFileName(NULL)
#1 /var/www/html/cakephp/lib/Cake/Controller/Controller.php(960): View->render(NULL, NULL)
#2 /var/www/html/cakephp/lib/Cake/Routing/Dispatcher.php(200): Controller->render()
#3 /var/www/html/cakephp/lib/Cake/Routing/Dispatcher.php(167): Dispatcher->_invoke(Object(PostsController), Object(CakeRequest))
#4 /var/www/html/cakephp/app/webroot/index.php(118): Dispatcher->dispatch(Object(CakeRequest), Object(CakeResponse))
#5 {main}
2015-08-05 13:49:11 Error: [MissingControllerException] Controller class PostController could not be found.
Exception Attributes: array (
  'class' => 'PostController',
  'plugin' => NULL,
)
Request URL: /cakephp/post
Stack Trace:
#0 /var/www/html/cakephp/app/webroot/index.php(118): Dispatcher->dispatch(Object(CakeRequest), Object(CakeResponse))
#1 {main}
2015-08-05 13:51:52 Error: [MissingViewException] View file "Posts/index.ctp" is missing.
Exception Attributes: array (
  'file' => 'Posts/index.ctp',
)
Request URL: /cakephp/posts/index
Stack Trace:
#0 /var/www/html/cakephp/lib/Cake/View/View.php(470): View->_getViewFileName(NULL)
#1 /var/www/html/cakephp/lib/Cake/Controller/Controller.php(960): View->render(NULL, NULL)
#2 /var/www/html/cakephp/lib/Cake/Routing/Dispatcher.php(200): Controller->render()
#3 /var/www/html/cakephp/lib/Cake/Routing/Dispatcher.php(167): Dispatcher->_invoke(Object(PostsController), Object(CakeRequest))
#4 /var/www/html/cakephp/app/webroot/index.php(118): Dispatcher->dispatch(Object(CakeRequest), Object(CakeResponse))
#5 {main}
2015-08-05 13:52:00 Error: [MissingViewException] View file "Posts/index.ctp" is missing.
Exception Attributes: array (
  'file' => 'Posts/index.ctp',
)
Request URL: /cakephp/posts/
Stack Trace:
#0 /var/www/html/cakephp/lib/Cake/View/View.php(470): View->_getViewFileName(NULL)
#1 /var/www/html/cakephp/lib/Cake/Controller/Controller.php(960): View->render(NULL, NULL)
#2 /var/www/html/cakephp/lib/Cake/Routing/Dispatcher.php(200): Controller->render()
#3 /var/www/html/cakephp/lib/Cake/Routing/Dispatcher.php(167): Dispatcher->_invoke(Object(PostsController), Object(CakeRequest))
#4 /var/www/html/cakephp/app/webroot/index.php(118): Dispatcher->dispatch(Object(CakeRequest), Object(CakeResponse))
#5 {main}
2015-08-05 14:02:56 Error: [MissingControllerException] Controller class ViewController could not be found.
Exception Attributes: array (
  'class' => 'ViewController',
  'plugin' => NULL,
)
Request URL: /cakephp/view
Stack Trace:
#0 /var/www/html/cakephp/app/webroot/index.php(118): Dispatcher->dispatch(Object(CakeRequest), Object(CakeResponse))
#1 {main}
2015-08-05 14:07:35 Error: [NotFoundException] Invalid post
Request URL: /cakephp/posts/view/1
Stack Trace:
#0 [internal function]: PostsController->view('1')
#1 /var/www/html/cakephp/lib/Cake/Controller/Controller.php(490): ReflectionMethod->invokeArgs(Object(PostsController), Array)
#2 /var/www/html/cakephp/lib/Cake/Routing/Dispatcher.php(193): Controller->invokeAction(Object(CakeRequest))
#3 /var/www/html/cakephp/lib/Cake/Routing/Dispatcher.php(167): Dispatcher->_invoke(Object(PostsController), Object(CakeRequest))
#4 /var/www/html/cakephp/app/webroot/index.php(118): Dispatcher->dispatch(Object(CakeRequest), Object(CakeResponse))
#5 {main}
2015-08-05 14:11:54 Error: [NotFoundException] Invalid post
Request URL: /cakephp/posts/view/1
Stack Trace:
#0 [internal function]: PostsController->view('1')
#1 /var/www/html/cakephp/lib/Cake/Controller/Controller.php(490): ReflectionMethod->invokeArgs(Object(PostsController), Array)
#2 /var/www/html/cakephp/lib/Cake/Routing/Dispatcher.php(193): Controller->invokeAction(Object(CakeRequest))
#3 /var/www/html/cakephp/lib/Cake/Routing/Dispatcher.php(167): Dispatcher->_invoke(Object(PostsController), Object(CakeRequest))
#4 /var/www/html/cakephp/app/webroot/index.php(118): Dispatcher->dispatch(Object(CakeRequest), Object(CakeResponse))
#5 {main}
2015-08-05 14:12:09 Error: [NotFoundException] Invalid post
Request URL: /cakephp/posts/view/1
Stack Trace:
#0 [internal function]: PostsController->view('1')
#1 /var/www/html/cakephp/lib/Cake/Controller/Controller.php(490): ReflectionMethod->invokeArgs(Object(PostsController), Array)
#2 /var/www/html/cakephp/lib/Cake/Routing/Dispatcher.php(193): Controller->invokeAction(Object(CakeRequest))
#3 /var/www/html/cakephp/lib/Cake/Routing/Dispatcher.php(167): Dispatcher->_invoke(Object(PostsController), Object(CakeRequest))
#4 /var/www/html/cakephp/app/webroot/index.php(118): Dispatcher->dispatch(Object(CakeRequest), Object(CakeResponse))
#5 {main}
2015-08-05 14:14:09 Error: [NotFoundException] Invalid post
Request URL: /cakephp/posts/view/1
Stack Trace:
#0 [internal function]: PostsController->view('1')
#1 /var/www/html/cakephp/lib/Cake/Controller/Controller.php(490): ReflectionMethod->invokeArgs(Object(PostsController), Array)
#2 /var/www/html/cakephp/lib/Cake/Routing/Dispatcher.php(193): Controller->invokeAction(Object(CakeRequest))
#3 /var/www/html/cakephp/lib/Cake/Routing/Dispatcher.php(167): Dispatcher->_invoke(Object(PostsController), Object(CakeRequest))
#4 /var/www/html/cakephp/app/webroot/index.php(118): Dispatcher->dispatch(Object(CakeRequest), Object(CakeResponse))
#5 {main}
2015-08-05 14:14:32 Error: [NotFoundException] Invalid post
Request URL: /cakephp/posts/view/1
Stack Trace:
#0 [internal function]: PostsController->view('1')
#1 /var/www/html/cakephp/lib/Cake/Controller/Controller.php(490): ReflectionMethod->invokeArgs(Object(PostsController), Array)
#2 /var/www/html/cakephp/lib/Cake/Routing/Dispatcher.php(193): Controller->invokeAction(Object(CakeRequest))
#3 /var/www/html/cakephp/lib/Cake/Routing/Dispatcher.php(167): Dispatcher->_invoke(Object(PostsController), Object(CakeRequest))
#4 /var/www/html/cakephp/app/webroot/index.php(118): Dispatcher->dispatch(Object(CakeRequest), Object(CakeResponse))
#5 {main}
2015-08-05 14:17:55 Error: [NotFoundException] Invalid post
Request URL: /cakephp/posts/view/1
Stack Trace:
#0 [internal function]: PostsController->view('1')
#1 /var/www/html/cakephp/lib/Cake/Controller/Controller.php(490): ReflectionMethod->invokeArgs(Object(PostsController), Array)
#2 /var/www/html/cakephp/lib/Cake/Routing/Dispatcher.php(193): Controller->invokeAction(Object(CakeRequest))
#3 /var/www/html/cakephp/lib/Cake/Routing/Dispatcher.php(167): Dispatcher->_invoke(Object(PostsController), Object(CakeRequest))
#4 /var/www/html/cakephp/app/webroot/index.php(118): Dispatcher->dispatch(Object(CakeRequest), Object(CakeResponse))
#5 {main}
2015-08-05 14:17:55 Error: [NotFoundException] Invalid post
Request URL: /cakephp/posts/view/1
Stack Trace:
#0 [internal function]: PostsController->view('1')
#1 /var/www/html/cakephp/lib/Cake/Controller/Controller.php(490): ReflectionMethod->invokeArgs(Object(PostsController), Array)
#2 /var/www/html/cakephp/lib/Cake/Routing/Dispatcher.php(193): Controller->invokeAction(Object(CakeRequest))
#3 /var/www/html/cakephp/lib/Cake/Routing/Dispatcher.php(167): Dispatcher->_invoke(Object(PostsController), Object(CakeRequest))
#4 /var/www/html/cakephp/app/webroot/index.php(118): Dispatcher->dispatch(Object(CakeRequest), Object(CakeResponse))
#5 {main}
2015-08-05 14:17:56 Error: [NotFoundException] Invalid post
Request URL: /cakephp/posts/view/1
Stack Trace:
#0 [internal function]: PostsController->view('1')
#1 /var/www/html/cakephp/lib/Cake/Controller/Controller.php(490): ReflectionMethod->invokeArgs(Object(PostsController), Array)
#2 /var/www/html/cakephp/lib/Cake/Routing/Dispatcher.php(193): Controller->invokeAction(Object(CakeRequest))
#3 /var/www/html/cakephp/lib/Cake/Routing/Dispatcher.php(167): Dispatcher->_invoke(Object(PostsController), Object(CakeRequest))
#4 /var/www/html/cakephp/app/webroot/index.php(118): Dispatcher->dispatch(Object(CakeRequest), Object(CakeResponse))
#5 {main}
2015-08-05 14:18:47 Error: [NotFoundException] Invalid post
Request URL: /cakephp/posts/view/1
Stack Trace:
#0 [internal function]: PostsController->view('1')
#1 /var/www/html/cakephp/lib/Cake/Controller/Controller.php(490): ReflectionMethod->invokeArgs(Object(PostsController), Array)
#2 /var/www/html/cakephp/lib/Cake/Routing/Dispatcher.php(193): Controller->invokeAction(Object(CakeRequest))
#3 /var/www/html/cakephp/lib/Cake/Routing/Dispatcher.php(167): Dispatcher->_invoke(Object(PostsController), Object(CakeRequest))
#4 /var/www/html/cakephp/app/webroot/index.php(118): Dispatcher->dispatch(Object(CakeRequest), Object(CakeResponse))
#5 {main}
2015-08-05 14:18:48 Error: [NotFoundException] Invalid post
Request URL: /cakephp/posts/view/1
Stack Trace:
#0 [internal function]: PostsController->view('1')
#1 /var/www/html/cakephp/lib/Cake/Controller/Controller.php(490): ReflectionMethod->invokeArgs(Object(PostsController), Array)
#2 /var/www/html/cakephp/lib/Cake/Routing/Dispatcher.php(193): Controller->invokeAction(Object(CakeRequest))
#3 /var/www/html/cakephp/lib/Cake/Routing/Dispatcher.php(167): Dispatcher->_invoke(Object(PostsController), Object(CakeRequest))
#4 /var/www/html/cakephp/app/webroot/index.php(118): Dispatcher->dispatch(Object(CakeRequest), Object(CakeResponse))
#5 {main}
2015-08-05 14:18:51 Error: [NotFoundException] Invalid post
Request URL: /cakephp/posts/view/%EF%BC%92
Stack Trace:
#0 [internal function]: PostsController->view('???')
#1 /var/www/html/cakephp/lib/Cake/Controller/Controller.php(490): ReflectionMethod->invokeArgs(Object(PostsController), Array)
#2 /var/www/html/cakephp/lib/Cake/Routing/Dispatcher.php(193): Controller->invokeAction(Object(CakeRequest))
#3 /var/www/html/cakephp/lib/Cake/Routing/Dispatcher.php(167): Dispatcher->_invoke(Object(PostsController), Object(CakeRequest))
#4 /var/www/html/cakephp/app/webroot/index.php(118): Dispatcher->dispatch(Object(CakeRequest), Object(CakeResponse))
#5 {main}
2015-08-05 14:20:42 Error: [NotFoundException] Invalid post
Request URL: /cakephp/posts/view/%EF%BC%92
Stack Trace:
#0 [internal function]: PostsController->view('???')
#1 /var/www/html/cakephp/lib/Cake/Controller/Controller.php(490): ReflectionMethod->invokeArgs(Object(PostsController), Array)
#2 /var/www/html/cakephp/lib/Cake/Routing/Dispatcher.php(193): Controller->invokeAction(Object(CakeRequest))
#3 /var/www/html/cakephp/lib/Cake/Routing/Dispatcher.php(167): Dispatcher->_invoke(Object(PostsController), Object(CakeRequest))
#4 /var/www/html/cakephp/app/webroot/index.php(118): Dispatcher->dispatch(Object(CakeRequest), Object(CakeResponse))
#5 {main}
2015-08-05 14:20:43 Error: [NotFoundException] Invalid post
Request URL: /cakephp/posts/view/%EF%BC%92
Stack Trace:
#0 [internal function]: PostsController->view('???')
#1 /var/www/html/cakephp/lib/Cake/Controller/Controller.php(490): ReflectionMethod->invokeArgs(Object(PostsController), Array)
#2 /var/www/html/cakephp/lib/Cake/Routing/Dispatcher.php(193): Controller->invokeAction(Object(CakeRequest))
#3 /var/www/html/cakephp/lib/Cake/Routing/Dispatcher.php(167): Dispatcher->_invoke(Object(PostsController), Object(CakeRequest))
#4 /var/www/html/cakephp/app/webroot/index.php(118): Dispatcher->dispatch(Object(CakeRequest), Object(CakeResponse))
#5 {main}
2015-08-05 14:21:25 Error: [NotFoundException] Invalid post
Request URL: /cakephp/posts/view/1
Stack Trace:
#0 [internal function]: PostsController->view('1')
#1 /var/www/html/cakephp/lib/Cake/Controller/Controller.php(490): ReflectionMethod->invokeArgs(Object(PostsController), Array)
#2 /var/www/html/cakephp/lib/Cake/Routing/Dispatcher.php(193): Controller->invokeAction(Object(CakeRequest))
#3 /var/www/html/cakephp/lib/Cake/Routing/Dispatcher.php(167): Dispatcher->_invoke(Object(PostsController), Object(CakeRequest))
#4 /var/www/html/cakephp/app/webroot/index.php(118): Dispatcher->dispatch(Object(CakeRequest), Object(CakeResponse))
#5 {main}
2015-08-05 14:37:45 Error: [NotFoundException] Invalid post
Request URL: /cakephp/posts/view/1
Stack Trace:
#0 [internal function]: PostsController->view('1')
#1 /var/www/html/cakephp/lib/Cake/Controller/Controller.php(490): ReflectionMethod->invokeArgs(Object(PostsController), Array)
#2 /var/www/html/cakephp/lib/Cake/Routing/Dispatcher.php(193): Controller->invokeAction(Object(CakeRequest))
#3 /var/www/html/cakephp/lib/Cake/Routing/Dispatcher.php(167): Dispatcher->_invoke(Object(PostsController), Object(CakeRequest))
#4 /var/www/html/cakephp/app/webroot/index.php(118): Dispatcher->dispatch(Object(CakeRequest), Object(CakeResponse))
#5 {main}
2015-08-05 14:37:45 Error: [NotFoundException] Invalid post
Request URL: /cakephp/posts/view/1
Stack Trace:
#0 [internal function]: PostsController->view('1')
#1 /var/www/html/cakephp/lib/Cake/Controller/Controller.php(490): ReflectionMethod->invokeArgs(Object(PostsController), Array)
#2 /var/www/html/cakephp/lib/Cake/Routing/Dispatcher.php(193): Controller->invokeAction(Object(CakeRequest))
#3 /var/www/html/cakephp/lib/Cake/Routing/Dispatcher.php(167): Dispatcher->_invoke(Object(PostsController), Object(CakeRequest))
#4 /var/www/html/cakephp/app/webroot/index.php(118): Dispatcher->dispatch(Object(CakeRequest), Object(CakeResponse))
#5 {main}
2015-08-05 14:37:46 Error: [NotFoundException] Invalid post
Request URL: /cakephp/posts/view/1
Stack Trace:
#0 [internal function]: PostsController->view('1')
#1 /var/www/html/cakephp/lib/Cake/Controller/Controller.php(490): ReflectionMethod->invokeArgs(Object(PostsController), Array)
#2 /var/www/html/cakephp/lib/Cake/Routing/Dispatcher.php(193): Controller->invokeAction(Object(CakeRequest))
#3 /var/www/html/cakephp/lib/Cake/Routing/Dispatcher.php(167): Dispatcher->_invoke(Object(PostsController), Object(CakeRequest))
#4 /var/www/html/cakephp/app/webroot/index.php(118): Dispatcher->dispatch(Object(CakeRequest), Object(CakeResponse))
#5 {main}
2015-08-05 14:37:46 Error: [NotFoundException] Invalid post
Request URL: /cakephp/posts/view/1
Stack Trace:
#0 [internal function]: PostsController->view('1')
#1 /var/www/html/cakephp/lib/Cake/Controller/Controller.php(490): ReflectionMethod->invokeArgs(Object(PostsController), Array)
#2 /var/www/html/cakephp/lib/Cake/Routing/Dispatcher.php(193): Controller->invokeAction(Object(CakeRequest))
#3 /var/www/html/cakephp/lib/Cake/Routing/Dispatcher.php(167): Dispatcher->_invoke(Object(PostsController), Object(CakeRequest))
#4 /var/www/html/cakephp/app/webroot/index.php(118): Dispatcher->dispatch(Object(CakeRequest), Object(CakeResponse))
#5 {main}
2015-08-05 14:37:46 Error: [NotFoundException] Invalid post
Request URL: /cakephp/posts/view/1
Stack Trace:
#0 [internal function]: PostsController->view('1')
#1 /var/www/html/cakephp/lib/Cake/Controller/Controller.php(490): ReflectionMethod->invokeArgs(Object(PostsController), Array)
#2 /var/www/html/cakephp/lib/Cake/Routing/Dispatcher.php(193): Controller->invokeAction(Object(CakeRequest))
#3 /var/www/html/cakephp/lib/Cake/Routing/Dispatcher.php(167): Dispatcher->_invoke(Object(PostsController), Object(CakeRequest))
#4 /var/www/html/cakephp/app/webroot/index.php(118): Dispatcher->dispatch(Object(CakeRequest), Object(CakeResponse))
#5 {main}
2015-08-05 14:37:46 Error: [NotFoundException] Invalid post
Request URL: /cakephp/posts/view/1
Stack Trace:
#0 [internal function]: PostsController->view('1')
#1 /var/www/html/cakephp/lib/Cake/Controller/Controller.php(490): ReflectionMethod->invokeArgs(Object(PostsController), Array)
#2 /var/www/html/cakephp/lib/Cake/Routing/Dispatcher.php(193): Controller->invokeAction(Object(CakeRequest))
#3 /var/www/html/cakephp/lib/Cake/Routing/Dispatcher.php(167): Dispatcher->_invoke(Object(PostsController), Object(CakeRequest))
#4 /var/www/html/cakephp/app/webroot/index.php(118): Dispatcher->dispatch(Object(CakeRequest), Object(CakeResponse))
#5 {main}
2015-08-05 14:37:47 Error: [NotFoundException] Invalid post
Request URL: /cakephp/posts/view/1
Stack Trace:
#0 [internal function]: PostsController->view('1')
#1 /var/www/html/cakephp/lib/Cake/Controller/Controller.php(490): ReflectionMethod->invokeArgs(Object(PostsController), Array)
#2 /var/www/html/cakephp/lib/Cake/Routing/Dispatcher.php(193): Controller->invokeAction(Object(CakeRequest))
#3 /var/www/html/cakephp/lib/Cake/Routing/Dispatcher.php(167): Dispatcher->_invoke(Object(PostsController), Object(CakeRequest))
#4 /var/www/html/cakephp/app/webroot/index.php(118): Dispatcher->dispatch(Object(CakeRequest), Object(CakeResponse))
#5 {main}
2015-08-05 14:37:47 Error: [NotFoundException] Invalid post
Request URL: /cakephp/posts/view/1
Stack Trace:
#0 [internal function]: PostsController->view('1')
#1 /var/www/html/cakephp/lib/Cake/Controller/Controller.php(490): ReflectionMethod->invokeArgs(Object(PostsController), Array)
#2 /var/www/html/cakephp/lib/Cake/Routing/Dispatcher.php(193): Controller->invokeAction(Object(CakeRequest))
#3 /var/www/html/cakephp/lib/Cake/Routing/Dispatcher.php(167): Dispatcher->_invoke(Object(PostsController), Object(CakeRequest))
#4 /var/www/html/cakephp/app/webroot/index.php(118): Dispatcher->dispatch(Object(CakeRequest), Object(CakeResponse))
#5 {main}
2015-08-05 14:47:22 Error: [MissingControllerException] Controller class 1Controller could not be found.
Exception Attributes: array (
  'class' => '1Controller',
  'plugin' => NULL,
)
Request URL: /cakephp/1
Stack Trace:
#0 /var/www/html/cakephp/app/webroot/index.php(118): Dispatcher->dispatch(Object(CakeRequest), Object(CakeResponse))
#1 {main}
2015-08-05 15:12:44 Error: Fatal Error (1): Call to a member function create() on a non-object in [/var/www/html/cakephp/app/Controller/PostsController.php, line 21]
2015-08-05 15:12:44 Error: [FatalErrorException] Call to a member function create() on a non-object
Request URL: /cakephp/posts/add
Stack Trace:
#0 /var/www/html/cakephp/lib/Cake/Error/ErrorHandler.php(213): ErrorHandler::handleFatalError(1, 'Call to a membe...', '/var/www/html/c...', 21)
#1 [internal function]: ErrorHandler::handleError(1, 'Call to a membe...', '/var/www/html/c...', 21, Array)
#2 /var/www/html/cakephp/lib/Cake/Core/App.php(933): call_user_func('ErrorHandler::h...', 1, 'Call to a membe...', '/var/www/html/c...', 21, Array)
#3 /var/www/html/cakephp/lib/Cake/Core/App.php(906): App::_checkFatalError()
#4 [internal function]: App::shutdown()
#5 {main}
2015-08-05 15:16:35 Error: Fatal Error (4): syntax error, unexpected 'public' (T_PUBLIC) in [/var/www/html/cakephp/app/Controller/PostsController.php, line 51]
2015-08-05 15:16:35 Error: [FatalErrorException] syntax error, unexpected 'public' (T_PUBLIC)
Request URL: /cakephp/posts/add
Stack Trace:
#0 /var/www/html/cakephp/lib/Cake/Error/ErrorHandler.php(213): ErrorHandler::handleFatalError(4, 'syntax error, u...', '/var/www/html/c...', 51)
#1 [internal function]: ErrorHandler::handleError(4, 'syntax error, u...', '/var/www/html/c...', 51, Array)
#2 /var/www/html/cakephp/lib/Cake/Core/App.php(933): call_user_func('ErrorHandler::h...', 4, 'syntax error, u...', '/var/www/html/c...', 51, Array)
#3 /var/www/html/cakephp/lib/Cake/Core/App.php(906): App::_checkFatalError()
#4 [internal function]: App::shutdown()
#5 {main}
2015-08-05 15:16:56 Error: Fatal Error (4): syntax error, unexpected 'public' (T_PUBLIC) in [/var/www/html/cakephp/app/Controller/PostsController.php, line 51]
2015-08-05 15:16:56 Error: [FatalErrorException] syntax error, unexpected 'public' (T_PUBLIC)
Request URL: /cakephp/posts/add
Stack Trace:
#0 /var/www/html/cakephp/lib/Cake/Error/ErrorHandler.php(213): ErrorHandler::handleFatalError(4, 'syntax error, u...', '/var/www/html/c...', 51)
#1 [internal function]: ErrorHandler::handleError(4, 'syntax error, u...', '/var/www/html/c...', 51, Array)
#2 /var/www/html/cakephp/lib/Cake/Core/App.php(933): call_user_func('ErrorHandler::h...', 4, 'syntax error, u...', '/var/www/html/c...', 51, Array)
#3 /var/www/html/cakephp/lib/Cake/Core/App.php(906): App::_checkFatalError()
#4 [internal function]: App::shutdown()
#5 {main}
2015-08-05 15:17:34 Error: Fatal Error (64): Cannot redeclare class PostsController in [/var/www/html/cakephp/app/Controller/PostsController.php, line 20]
2015-08-05 15:17:34 Error: [FatalErrorException] Cannot redeclare class PostsController
Request URL: /cakephp/posts/add
Stack Trace:
#0 /var/www/html/cakephp/lib/Cake/Error/ErrorHandler.php(213): ErrorHandler::handleFatalError(64, 'Cannot redeclar...', '/var/www/html/c...', 20)
#1 [internal function]: ErrorHandler::handleError(64, 'Cannot redeclar...', '/var/www/html/c...', 20, Array)
#2 /var/www/html/cakephp/lib/Cake/Core/App.php(933): call_user_func('ErrorHandler::h...', 64, 'Cannot redeclar...', '/var/www/html/c...', 20, Array)
#3 /var/www/html/cakephp/lib/Cake/Core/App.php(906): App::_checkFatalError()
#4 [internal function]: App::shutdown()
#5 {main}
2015-08-05 15:18:40 Error: Fatal Error (1): Call to a member function create() on a non-object in [/var/www/html/cakephp/app/Controller/PostsController.php, line 23]
2015-08-05 15:18:40 Error: [FatalErrorException] Call to a member function create() on a non-object
Request URL: /cakephp/posts/add
Stack Trace:
#0 /var/www/html/cakephp/lib/Cake/Error/ErrorHandler.php(213): ErrorHandler::handleFatalError(1, 'Call to a membe...', '/var/www/html/c...', 23)
#1 [internal function]: ErrorHandler::handleError(1, 'Call to a membe...', '/var/www/html/c...', 23, Array)
#2 /var/www/html/cakephp/lib/Cake/Core/App.php(933): call_user_func('ErrorHandler::h...', 1, 'Call to a membe...', '/var/www/html/c...', 23, Array)
#3 /var/www/html/cakephp/lib/Cake/Core/App.php(906): App::_checkFatalError()
#4 [internal function]: App::shutdown()
#5 {main}
2015-08-05 15:25:20 Error: [MissingControllerException] Controller class PostsController could not be found.
Exception Attributes: array (
  'class' => 'PostsController',
  'plugin' => NULL,
)
Request URL: /cakephp/posts/
Stack Trace:
#0 /var/www/html/cakephp/app/webroot/index.php(118): Dispatcher->dispatch(Object(CakeRequest), Object(CakeResponse))
#1 {main}
2015-08-05 15:42:51 Error: Fatal Error (4): syntax error, unexpected 'array' (T_ARRAY) in [/var/www/html/cakephp/app/View/Posts/index.ctp, line 16]
2015-08-05 15:42:51 Error: [FatalErrorException] syntax error, unexpected 'array' (T_ARRAY)
Request URL: /cakephp/posts/
Stack Trace:
#0 /var/www/html/cakephp/lib/Cake/Error/ErrorHandler.php(213): ErrorHandler::handleFatalError(4, 'syntax error, u...', '/var/www/html/c...', 16)
#1 [internal function]: ErrorHandler::handleError(4, 'syntax error, u...', '/var/www/html/c...', 16, Array)
#2 /var/www/html/cakephp/lib/Cake/Core/App.php(933): call_user_func('ErrorHandler::h...', 4, 'syntax error, u...', '/var/www/html/c...', 16, Array)
#3 /var/www/html/cakephp/lib/Cake/Core/App.php(906): App::_checkFatalError()
#4 [internal function]: App::shutdown()
#5 {main}
2015-08-05 15:42:58 Error: Fatal Error (4): syntax error, unexpected 'array' (T_ARRAY) in [/var/www/html/cakephp/app/View/Posts/index.ctp, line 16]
2015-08-05 15:42:58 Error: [FatalErrorException] syntax error, unexpected 'array' (T_ARRAY)
Request URL: /cakephp/posts/
Stack Trace:
#0 /var/www/html/cakephp/lib/Cake/Error/ErrorHandler.php(213): ErrorHandler::handleFatalError(4, 'syntax error, u...', '/var/www/html/c...', 16)
#1 [internal function]: ErrorHandler::handleError(4, 'syntax error, u...', '/var/www/html/c...', 16, Array)
#2 /var/www/html/cakephp/lib/Cake/Core/App.php(933): call_user_func('ErrorHandler::h...', 4, 'syntax error, u...', '/var/www/html/c...', 16, Array)
#3 /var/www/html/cakephp/lib/Cake/Core/App.php(906): App::_checkFatalError()
#4 [internal function]: App::shutdown()
#5 {main}
